  main.c
C:\Users\ilyat\source\repos\Eltex_6.3\Eltex_6.3\main.c(91,13): warning C4113: "double (__cdecl *)(double,double)" отличается в списках параметров от "float (__cdecl *)(float,float)"
C:\Users\ilyat\source\repos\Eltex_6.3\Eltex_6.3\main.c(91,13): warning C4133: return: несовместимые типы - из "double (__cdecl *)(double,double)" в "float (__cdecl *)(float,float)"
C:\Users\ilyat\source\repos\Eltex_6.3\Eltex_6.3\main.c(92,13): warning C4113: "double (__cdecl *)(double,double)" отличается в списках параметров от "float (__cdecl *)(float,float)"
C:\Users\ilyat\source\repos\Eltex_6.3\Eltex_6.3\main.c(92,13): warning C4133: return: несовместимые типы - из "double (__cdecl *)(double,double)" в "float (__cdecl *)(float,float)"
C:\Users\ilyat\source\repos\Eltex_6.3\Eltex_6.3\main.c(93,13): warning C4113: "double (__cdecl *)(double,double)" отличается в списках параметров от "float (__cdecl *)(float,float)"
C:\Users\ilyat\source\repos\Eltex_6.3\Eltex_6.3\main.c(93,13): warning C4133: return: несовместимые типы - из "double (__cdecl *)(double,double)" в "float (__cdecl *)(float,float)"
C:\Users\ilyat\source\repos\Eltex_6.3\Eltex_6.3\main.c(94,14): warning C4113: "double (__cdecl *)(double,double)" отличается в списках параметров от "float (__cdecl *)(float,float)"
C:\Users\ilyat\source\repos\Eltex_6.3\Eltex_6.3\main.c(94,14): warning C4133: return: несовместимые типы - из "double (__cdecl *)(double,double)" в "float (__cdecl *)(float,float)"
C:\Users\ilyat\source\repos\Eltex_6.3\Eltex_6.3\main.c(219,34): warning C4133: функция: несовместимые типы - из "char [59]" в "LPCWSTR"
C:\Users\ilyat\source\repos\Eltex_6.3\Eltex_6.3\main.c(224,43): warning C4477: "sprintf_s": в строке форматирования "%s" требуется аргумент типа "char *", но вариативный аргумент "1" имеет тип "WCHAR *"
      C:\Users\ilyat\source\repos\Eltex_6.3\Eltex_6.3\main.c(224,43):
      рекомендуется использовать "%ls" в строке форматирования
      C:\Users\ilyat\source\repos\Eltex_6.3\Eltex_6.3\main.c(224,43):
      рекомендуется использовать "%lls" в строке форматирования
      C:\Users\ilyat\source\repos\Eltex_6.3\Eltex_6.3\main.c(224,43):
      рекомендуется использовать "%Ls" в строке форматирования
      C:\Users\ilyat\source\repos\Eltex_6.3\Eltex_6.3\main.c(224,43):
      рекомендуется использовать "%ws" в строке форматирования
  
C:\Users\ilyat\source\repos\Eltex_6.3\Eltex_6.3\main.c(226,42): warning C4133: функция: несовместимые типы - из "char [100]" в "LPCWSTR"
C:\Users\ilyat\source\repos\Eltex_6.3\Eltex_6.3\main.c(229,64): warning C4133: функция: несовместимые типы - из "WCHAR [260]" в "const char *"
C:\Users\ilyat\source\repos\Eltex_6.3\Eltex_6.3\main.c(153,1): warning C4715: float_calc: значение возвращается не при всех путях выполнения
C:\Users\ilyat\source\repos\Eltex_6.3\Eltex_6.3\main.c(83,1): warning C4715: int_calc: значение возвращается не при всех путях выполнения
  Eltex_6.3.vcxproj -> C:\Users\ilyat\source\repos\Eltex_6.3\x64\Debug\Eltex_6.3.exe
