=~=~=~=~=~=~=~=~=~=~=~= PuTTY log 2025.12.13 22:04:44 =~=~=~=~=~=~=~=~=~=~=~=
sh run
Building configuration...

Current configuration : 1064 bytes
!
version 12.4
service timestamps debug datetime msec
service timestamps log datetime msec
no service password-encryption
!
hostname R6
!
boot-start-marker
boot-end-marker
!
!
no aaa new-model
memory-size iomem 5
no ip icmp rate-limit unreachable
!
!
ip cef
no ip domain lookup
!
!
!
!
!
!
!
!
!
!
!
!
!
!
!
!
ip tcp synwait-time 5
!
!
!
interface FastEthernet0/0
 ip address 172.16.30.2 255.255.255.252
 duplex auto
 speed auto
!
interface FastEthernet1/0
 ip address 172.16.50.1 255.255.255.0
 duplex auto
 speed auto
!
interface FastEthernet2/0
 ip address 172.16.70.1 255.255.255.252
 duplex auto
 speed auto
!
!
router ospf 1
 router-id 6.6.6.6
 log-adjacency-changes
 network 172.16.30.2 0.0.0.0 area 2
 network 172.16.50.1 0.0.0.0 area 2
 network 172.16.70.1 0.0.0.0 area 2
!
no ip http server
ip forward-protocol nd
!
!
!
no cdp log mismatch duplex
!
!
!
control-plane
!
!
!
!
!
!
!
!
!
line con 0
 exec-timeout 0 0
 privilege level 15
 logging synchronous
line aux 0
 exec-timeout 0 0
 privilege level 15
 logging synchronous
line vty 0 4
 login
!
!
end

R6#sh runterm len 0 25
R6#