=~=~=~=~=~=~=~=~=~=~=~= PuTTY log 2025.12.12 12:58:34 =~=~=~=~=~=~=~=~=~=~=~=
sh run
Building configuration...

Current configuration : 5008 bytes
!
! Last configuration change at 04:19:42 UTC Fri Dec 12 2025
!
version 15.0
service timestamps debug datetime msec
service timestamps log datetime msec
no service password-encryption
service compress-config
!
hostname vIOS-L2-01
!
boot-start-marker
boot-end-marker
!
!
!
no aaa new-model
!
!
!
!
!
vtp domain CISCO-vIOS
vtp mode transparent
!
!
!
ip cef
no ipv6 cef
!
!
spanning-tree mode pvst
spanning-tree extend system-id
!
vlan internal allocation policy ascending
!
vlan 2
 name VLAN2
!
vlan 100
 name VLAN100
!
vlan 200,300 
!
! 
!
!
!
!
!
!
!
!
!
!
!
interface GigabitEthernet0/0
 description "TO_R1"
 switchport access vlan 2
 media-type rj45
 negotiation auto
!
interface GigabitEthernet0/1
 description "TO_PC3"
 switchport access vlan 2
 media-type rj45
 negotiation auto
!
interface GigabitEthernet0/2
 description "TO_PC4"
 switchport access vlan 2
 media-type rj45
 negotiation auto
!
ip forward-protocol nd
!
no ip http server
no ip http secure-server
!
!
!
!
!
!
control-plane
!
banner exec ^C
**************************************************************************
* IOSv - Cisco Systems Confidential                                      *
*                                                                        *
* This software is provided as is without warranty for internal          *
* development and testing purposes only under the terms of the Cisco     *
* Early Field Trial agreement.  Under no circumstances may this software *
* be used for production purposes or deployed in a production            *
* environment.                                                           *
*                                                                        *
* By using the software, you agree to abide by the terms and conditions  *
* of the Cisco Early Field Trial Agreement as well as the terms and      *
* conditions of the Cisco End User License Agreement at                  *
* http://www.cisco.com/go/eula                                           *
*                                                                        *
* Unauthorized use or distribution of this software is expressly         *
* Prohibited.                                                            *
**************************************************************************^C
banner incoming ^C
**************************************************************************
* IOSv - Cisco Systems Confidential                                      *
*                                                                        *
* This software is provided as is without warranty for internal          *
* development and testing purposes only under the terms of the Cisco     *
* Early Field Trial agreement.  Under no circumstances may this software *
* be used for production purposes or deployed in a production            *
* environment.                                                           *
*                                                                        *
* By using the software, you agree to abide by the terms and conditions  *
* of the Cisco Early Field Trial Agreement as well as the terms and      *
* conditions of the Cisco End User License Agreement at                  *
* http://www.cisco.com/go/eula                                           *
*                                                                        *
* Unauthorized use or distribution of this software is expressly         *
* Prohibited.                                                            *
**************************************************************************^C
banner login ^C
**************************************************************************
* IOSv - Cisco Systems Confidential                                      *
*                                                                        *
* This software is provided as is without warranty for internal          *
* development and testing purposes only under the terms of the Cisco     *
* Early Field Trial agreement.  Under no circumstances may this software *
* be used for production purposes or deployed in a production            *
* environment.                                                           *
*                                                                        *
* By using the software, you agree to abide by the terms and conditions  *
* of the Cisco Early Field Trial Agreement as well as the terms and      *
* conditions of the Cisco End User License Agreement at                  *
* http://www.cisco.com/go/eula                                           *
*                                                                        *
* Unauthorized use or distribution of this software is expressly         *
* Prohibited.                                                            *
**************************************************************************^C
!
line con 0
 logging synchronous
line aux 0
line vty 0 4
 logging synchronous
 login
line vty 5 15
 logging synchronous
 login
!
!
end

vIOS-L2-01#